Start testing: Sep 14 13:47 +0330
----------------------------------------------------------
1/15 Testing: smoke
1/15 Test: smoke
Command: "/mnt/c/Users/jinx/Downloads/lucy-1.0.0-release/build-install/lucy" "/mnt/c/Users/jinx/Downloads/lucy-1.0.0-release/tests/smoke.lucy"
Directory: /mnt/c/Users/jinx/Downloads/lucy-1.0.0-release/build-install
"smoke" start time: Sep 14 13:47 +0330
Output:
----------------------------------------------------------
smoke ok
<end of output>
Test time =   0.04 sec
----------------------------------------------------------
Test Passed.
"smoke" end time: Sep 14 13:47 +0330
"smoke" time elapsed: 00:00:00
----------------------------------------------------------

2/15 Testing: features
2/15 Test: features
Command: "/mnt/c/Users/jinx/Downloads/lucy-1.0.0-release/build-install/lucy" "/mnt/c/Users/jinx/Downloads/lucy-1.0.0-release/tests/features.lucy"
Directory: /mnt/c/Users/jinx/Downloads/lucy-1.0.0-release/build-install
"features" start time: Sep 14 13:47 +0330
Output:
----------------------------------------------------------
features ok
<end of output>
Test time =   0.04 sec
----------------------------------------------------------
Test Passed.
"features" end time: Sep 14 13:47 +0330
"features" time elapsed: 00:00:00
----------------------------------------------------------

3/15 Testing: advanced
3/15 Test: advanced
Command: "/mnt/c/Users/jinx/Downloads/lucy-1.0.0-release/build-install/lucy" "/mnt/c/Users/jinx/Downloads/lucy-1.0.0-release/tests/advanced.lucy"
Directory: /mnt/c/Users/jinx/Downloads/lucy-1.0.0-release/build-install
"advanced" start time: Sep 14 13:47 +0330
Output:
----------------------------------------------------------
advanced ok
<end of output>
Test time =   0.06 sec
----------------------------------------------------------
Test Passed.
"advanced" end time: Sep 14 13:47 +0330
"advanced" time elapsed: 00:00:00
----------------------------------------------------------

4/15 Testing: classes
4/15 Test: classes
Command: "/mnt/c/Users/jinx/Downloads/lucy-1.0.0-release/build-install/lucy" "/mnt/c/Users/jinx/Downloads/lucy-1.0.0-release/tests/classes.lucy"
Directory: /mnt/c/Users/jinx/Downloads/lucy-1.0.0-release/build-install
"classes" start time: Sep 14 13:47 +0330
Output:
----------------------------------------------------------
classes ok
<end of output>
Test time =   0.04 sec
----------------------------------------------------------
Test Passed.
"classes" end time: Sep 14 13:47 +0330
"classes" time elapsed: 00:00:00
----------------------------------------------------------

5/15 Testing: maps
5/15 Test: maps
Command: "/mnt/c/Users/jinx/Downloads/lucy-1.0.0-release/build-install/lucy" "/mnt/c/Users/jinx/Downloads/lucy-1.0.0-release/tests/maps.lucy"
Directory: /mnt/c/Users/jinx/Downloads/lucy-1.0.0-release/build-install
"maps" start time: Sep 14 13:47 +0330
Output:
----------------------------------------------------------
maps ok
<end of output>
Test time =   0.04 sec
----------------------------------------------------------
Test Passed.
"maps" end time: Sep 14 13:47 +0330
"maps" time elapsed: 00:00:00
----------------------------------------------------------

6/15 Testing: exceptions
6/15 Test: exceptions
Command: "/mnt/c/Users/jinx/Downloads/lucy-1.0.0-release/build-install/lucy" "/mnt/c/Users/jinx/Downloads/lucy-1.0.0-release/tests/exceptions.lucy"
Directory: /mnt/c/Users/jinx/Downloads/lucy-1.0.0-release/build-install
"exceptions" start time: Sep 14 13:47 +0330
Output:
----------------------------------------------------------
finally ran
exceptions ok
<end of output>
Test time =   0.04 sec
----------------------------------------------------------
Test Passed.
"exceptions" end time: Sep 14 13:47 +0330
"exceptions" time elapsed: 00:00:00
----------------------------------------------------------

7/15 Testing: strings
7/15 Test: strings
Command: "/mnt/c/Users/jinx/Downloads/lucy-1.0.0-release/build-install/lucy" "/mnt/c/Users/jinx/Downloads/lucy-1.0.0-release/tests/strings.lucy"
Directory: /mnt/c/Users/jinx/Downloads/lucy-1.0.0-release/build-install
"strings" start time: Sep 14 13:47 +0330
Output:
----------------------------------------------------------
strings ok
<end of output>
Test time =   0.03 sec
----------------------------------------------------------
Test Passed.
"strings" end time: Sep 14 13:47 +0330
"strings" time elapsed: 00:00:00
----------------------------------------------------------

8/15 Testing: stdlib
8/15 Test: stdlib
Command: "/mnt/c/Users/jinx/Downloads/lucy-1.0.0-release/build-install/lucy" "/mnt/c/Users/jinx/Downloads/lucy-1.0.0-release/tests/stdlib.lucy"
Directory: /mnt/c/Users/jinx/Downloads/lucy-1.0.0-release/build-install
"stdlib" start time: Sep 14 13:47 +0330
Output:
----------------------------------------------------------
stdlib ok
<end of output>
Test time =   0.19 sec
----------------------------------------------------------
Test Passed.
"stdlib" end time: Sep 14 13:47 +0330
"stdlib" time elapsed: 00:00:00
----------------------------------------------------------

9/15 Testing: features2
9/15 Test: features2
Command: "/mnt/c/Users/jinx/Downloads/lucy-1.0.0-release/build-install/lucy" "/mnt/c/Users/jinx/Downloads/lucy-1.0.0-release/tests/features2.lucy"
Directory: /mnt/c/Users/jinx/Downloads/lucy-1.0.0-release/build-install
"features2" start time: Sep 14 13:47 +0330
Output:
----------------------------------------------------------
features2 ok
<end of output>
Test time =   0.05 sec
----------------------------------------------------------
Test Passed.
"features2" end time: Sep 14 13:47 +0330
"features2" time elapsed: 00:00:00
----------------------------------------------------------

10/15 Testing: help
10/15 Test: help
Command: "/mnt/c/Users/jinx/Downloads/lucy-1.0.0-release/build-install/lucy" "/mnt/c/Users/jinx/Downloads/lucy-1.0.0-release/tests/help.lucy"
Directory: /mnt/c/Users/jinx/Downloads/lucy-1.0.0-release/build-install
"help" start time: Sep 14 13:47 +0330
Output:
----------------------------------------------------------
print(value, ...) -> prints values separated by spaces
array.push(value, ...) -> appends values and returns new length
number.sqrt() -> square root
help ok
<end of output>
Test time =   0.04 sec
----------------------------------------------------------
Test Passed.
"help" end time: Sep 14 13:47 +0330
"help" time elapsed: 00:00:00
----------------------------------------------------------

11/15 Testing: fs
11/15 Test: fs
Command: "/mnt/c/Users/jinx/Downloads/lucy-1.0.0-release/build-install/lucy" "/mnt/c/Users/jinx/Downloads/lucy-1.0.0-release/tests/fs.lucy"
Directory: /mnt/c/Users/jinx/Downloads/lucy-1.0.0-release/build-install
"fs" start time: Sep 14 13:47 +0330
Output:
----------------------------------------------------------
filesystem ok
<end of output>
Test time =   0.27 sec
----------------------------------------------------------
Test Passed.
"fs" end time: Sep 14 13:47 +0330
"fs" time elapsed: 00:00:00
----------------------------------------------------------

12/15 Testing: phase1
12/15 Test: phase1
Command: "/mnt/c/Users/jinx/Downloads/lucy-1.0.0-release/build-install/lucy" "/mnt/c/Users/jinx/Downloads/lucy-1.0.0-release/tests/phase1.lucy"
Directory: /mnt/c/Users/jinx/Downloads/lucy-1.0.0-release/build-install
"phase1" start time: Sep 14 13:47 +0330
Output:
----------------------------------------------------------
phase1 ok
<end of output>
Test time =   0.07 sec
----------------------------------------------------------
Test Passed.
"phase1" end time: Sep 14 13:47 +0330
"phase1" time elapsed: 00:00:00
----------------------------------------------------------

13/15 Testing: phase2
13/15 Test: phase2
Command: "/mnt/c/Users/jinx/Downloads/lucy-1.0.0-release/build-install/lucy" "/mnt/c/Users/jinx/Downloads/lucy-1.0.0-release/tests/phase2.lucy"
Directory: /mnt/c/Users/jinx/Downloads/lucy-1.0.0-release/build-install
"phase2" start time: Sep 14 13:47 +0330
Output:
----------------------------------------------------------
lucy: in /mnt/c/Users/jinx/Downloads/lucy-1.0.0-release/tests/phase2.lucy: SQLiteError: Lucy was built without SQLite support
<end of output>
Test time =   0.14 sec
----------------------------------------------------------
Test Failed.
"phase2" end time: Sep 14 13:47 +0330
"phase2" time elapsed: 00:00:00
----------------------------------------------------------

14/15 Testing: repl
14/15 Test: repl
Command: "/mnt/c/Users/jinx/Downloads/lucy-1.0.0-release/build-install/lucy" "/mnt/c/Users/jinx/Downloads/lucy-1.0.0-release/tests/repl.lucy"
Directory: /mnt/c/Users/jinx/Downloads/lucy-1.0.0-release/build-install
"repl" start time: Sep 14 13:47 +0330
Output:
----------------------------------------------------------
release support ok
<end of output>
Test time =   0.05 sec
----------------------------------------------------------
Test Passed.
"repl" end time: Sep 14 13:47 +0330
"repl" time elapsed: 00:00:00
----------------------------------------------------------

15/15 Testing: argv
15/15 Test: argv
Command: "/mnt/c/Users/jinx/Downloads/lucy-1.0.0-release/build-install/lucy" "/mnt/c/Users/jinx/Downloads/lucy-1.0.0-release/tests/argv.lucy" "alpha" "42" "hello world"
Directory: /mnt/c/Users/jinx/Downloads/lucy-1.0.0-release/build-install
"argv" start time: Sep 14 13:47 +0330
Output:
----------------------------------------------------------
argv ok
<end of output>
Test time =   0.03 sec
----------------------------------------------------------
Test Passed.
"argv" end time: Sep 14 13:47 +0330
"argv" time elapsed: 00:00:00
----------------------------------------------------------

End testing: Sep 14 13:47 +0330
